Arguments: 
  /home/sdas/.nvm/versions/node/v16.16.0/bin/node /home/sdas/.nvm/versions/node/v16.16.0/bin/yarn start

PATH: 
  /home/sdas/.local/bin:/home/sdas/.local/bin:/home/sdas/.nvm/versions/node/v16.16.0/bin:/home/sdas/.cargo/bin:/usr/local/bin:/usr/bin:/bin:/usr/local/sbin:/usr/sbin:/sbin

Yarn version: 
  1.22.19

Node version: 
  16.16.0

Platform: 
  linux x64

Trace: 
  SyntaxError: /home/sdas/code/yogdaan/package.json: Unexpected token } in JSON at position 1290
      at JSON.parse (<anonymous>)
      at /home/sdas/.nvm/versions/node/v16.16.0/lib/node_modules/yarn/lib/cli.js:1629:59
      at Generator.next (<anonymous>)
      at step (/home/sdas/.nvm/versions/node/v16.16.0/lib/node_modules/yarn/lib/cli.js:310:30)
      at /home/sdas/.nvm/versions/node/v16.16.0/lib/node_modules/yarn/lib/cli.js:321:13

npm manifest: 
  {
    "name": "yogdaan",
    "version": "1.0.0",
    "main": "index.js",
    "scripts": {
      "start": "expo start",
      "android": "expo start --android",
      "ios": "expo start --ios",
      "web": "expo start --web"
    },
    "dependencies": {
      "@react-native-async-storage/async-storage": "~1.17.3",
      "@react-navigation/drawer": "^6.4.3",
      "@react-navigation/native": "^6.0.11",
      "@react-navigation/native-stack": "^6.7.0",
      "@tanstack/query-async-storage-persister": "^4.2.1",
      "@tanstack/react-query": "^4.2.1",
      "@tanstack/react-query-persist-client": "^4.2.1",
      "@walletconnect/react-native-dapp": "^1.8.0",
      "crypto-browserify": "^3.12.0",
      "dotenv": "^16.0.1",
      "expo": "~46.0.7",
      "expo-status-bar": "~1.4.0",
      "node-libs-react-native": "^1.2.1",
      "react": "18.0.0",
      "react-dom": "18.0.0",
      "react-native": "0.69.4",
      "react-native-gesture-handler": "~2.5.0",
      "react-native-get-random-values": "^1.8.0",
      "react-native-reanimated": "~2.9.1",
      "react-native-safe-area-context": "4.3.1",
      "react-native-screens": "~3.15.0",
      "react-native-tcp": "^4.0.0",
      "react-native-web": "~0.18.7",
      "twrnc": "^3.4.0",
      "vm-browserify": "^1.1.2",
      "web3": "^1.7.5",
      "xml2js": "^0.4.23",
      "expo-constants": "~13.2.3",
    },
    "devDependencies": {
      "@babel/core": "^7.12.9",
      "@types/react": "~18.0.14",
      "@types/react-native": "~0.69.1",
      "@types/xml2js": "^0.4.11",
      "typescript": "~4.3.5"
    },
    "private": true
  }

yarn manifest: 
  No manifest

Lockfile: 
  No lockfile
